0.11 0.895733
0.21 0.810402
0.31 0.733196
0.41 0.663346
0.51 0.600165
0.61 0.543037
0.71 0.491424
0.81 0.444857
0.91 0.402942
1.01 0.365352
1.11 0.331809
1.21 0.302063
1.31 0.275858
1.41 0.252893
1.51 0.232805
1.61 0.215163
1.71 0.199498
1.81 0.185346
1.91 0.172297
2.02 0.158838
2.13 0.146052
2.24 0.13381
2.35 0.12209
2.46 0.110942
2.57 0.100436
2.68 0.0906354
2.79 0.0815814
2.9 0.0732858
3.01 0.0657349
3.12 0.0588961
3.23 0.0527242
3.34 0.047168
3.45 0.0421746
3.56 0.0376919
3.67 0.0336705
3.78 0.0300648
3.89 0.0268327
4 0.023936
4.11 0.0213404
4.22 0.0190146
4.33 0.0169308
4.44 0.0150639
4.55 0.0133914
4.66 0.011893
4.77 0.0105507
4.88 0.00934819
4.99 0.00827104
5.1 0.00730623
5.21 0.00644212
5.32 0.00566836
5.43 0.00497575
5.54 0.00435616
5.65 0.00380256
5.76 0.00330906
5.87 0.00287112
5.98 0.002486
6.09 0.00215356
6.2 0.00187778
6.31 0.0016693
6.42 0.00154945
6.53 0.00155649
6.64 0.001754
6.75 0.00224108
6.86 0.00316145
6.97 0.0047064
7.08 0.00710289
7.19 0.0105782
7.3 0.0152983
7.41 0.0212898
7.52 0.0283751
7.63 0.0361518
7.74 0.0440403
7.85 0.0513865
7.96 0.0575853
8.07 0.0621842
8.18 0.0649422
8.29 0.0658371
8.4 0.0650331
8.51 0.0628227
8.62 0.0595623
8.73 0.0556128
8.84 0.0512963
8.95 0.0468717
9.06 0.042527
9.17 0.0383857
9.28 0.0345187
9.39 0.0309583
9.5 0.0277112
9.61 0.0247686
9.72 0.0221129
9.83 0.0197223
9.94 0.0175742
10.05 0.0156459
10.16 0.0139162
10.27 0.0123652
10.38 0.010975
10.49 0.00972909
10.6 0.00861261
10.71 0.00761222
10.82 0.00671591
10.93 0.00591289
11.04 0.0051935
11.15 0.00454906
11.26 0.00397182
11.37 0.00345483
11.48 0.00299189
11.59 0.0025775
11.7 0.00220679
11.81 0.00187553
11.92 0.00158016
12.03 0.00131785
12.14 0.0010868
12.25 0.000886603
12.36 0.000719084
12.47 0.000589735
12.58 0.00051012
12.69 0.000501777
12.8 0.000602139
12.91 0.000872766
13.02 0.00140937
13.13 0.00235135
13.24 0.00388575
13.35 0.00623766
13.46 0.00963791
13.57 0.0142641
13.68 0.0201637
13.79 0.0271853
13.9 0.0349521
14.01 0.0429007
14.12 0.0503794
14.23 0.0567711
14.34 0.0616018
14.45 0.0646044
14.56 0.0657323
14.67 0.0651306
14.78 0.0630808
14.89 0.0599352
15 0.0560573
15.11 0.0517759
15.22 0.0473581
15.33 0.0430008
15.44 0.0388346
15.55 0.0349359
15.66 0.0313412
15.77 0.0280597
15.88 0.0250839
15.99 0.0223971
16.09 0.0201875
16.19 0.018182
16.29 0.0163636
16.39 0.0147158
16.49 0.0132234
16.59 0.0118722
16.69 0.0106489
16.79 0.00954158
16.89 0.00853942
16.99 0.00763246
17.09 0.0068117
17.19 0.00606898
17.29 0.00539691
17.39 0.00478881
17.49 0.00423861
17.59 0.00374085
17.69 0.00329058
17.79 0.00288335
17.89 0.00251518
17.99 0.0021825
18.09 0.0018822
18.19 0.0016116
18.29 0.00136853
18.39 0.0011515
18.49 0.000959859
18.59 0.000794305
18.69 0.000657554
18.79 0.000555547
18.89 0.00049933
18.99 0.000507898
19.09 0.000612284
19.19 0.000860953
19.29 0.00132614
19.39 0.00210985
19.49 0.00334695
19.59 0.00520114
19.69 0.0078492
19.79 0.0114499
19.89 0.0160993
19.99 0.0217823
20.09 0.0283363
20.19 0.0354455
20.29 0.0426738
20.39 0.0495289
20.49 0.0555405
20.59 0.060329
20.69 0.0636511
20.79 0.0654157
20.89 0.0656736
20.99 0.0645891
21.09 0.0624008
21.19 0.059381
21.29 0.0558007
21.39 0.0519029
21.49 0.0478877
21.59 0.0439068
21.69 0.0400658
21.79 0.0364315
21.89 0.0330402
21.99 0.0299064
22.09 0.0270304
22.19 0.0244031
22.29 0.0220106
22.39 0.0198365
22.49 0.0178636
22.59 0.016075
22.69 0.0144544
22.79 0.0129867
22.89 0.0116578
22.99 0.0104549
23.09 0.00936599
23.19 0.0083805
23.29 0.00748864
23.39 0.00668156
23.49 0.00595122
23.59 0.00529036
23.69 0.0046924
23.79 0.00415138
23.89 0.00366194
23.99 0.0032192
24.09 0.00281881
24.19 0.00245685
24.29 0.00212982
24.39 0.00183469
24.49 0.00156885
24.59 0.00133025
24.69 0.0011175
24.79 0.000930152
24.89 0.000769181
24.99 0.000637746
25.09 0.000542492
25.19 0.00049557
25.29 0.000517679
25.39 0.000642371
25.49 0.00092165
25.59 0.00143238
25.69 0.00228201
25.79 0.00361079
25.89 0.00558612
25.99 0.00838435
26.09 0.0121571
26.19 0.0169851
26.29 0.0228302
26.39 0.0295035
26.49 0.0366657
26.59 0.0438661
26.69 0.0506105
26.79 0.0564397
26.89 0.0609946
26.99 0.064057
27.09 0.0655611
27.19 0.0655793
27.29 0.0642912
27.39 0.0619436
27.49 0.0588111
27.59 0.0551615
27.69 0.0512312
27.79 0.0472125
27.89 0.0432489
27.99 0.0394389
28.09 0.0358436
28.19 0.0324951
28.29 0.029405
28.39 0.0265715
28.49 0.0239848
28.59 0.0216302
28.69 0.0194911
28.79 0.0175504
28.89 0.0157912
28.99 0.0141973
29.09 0.0127539
29.19 0.0114471
29.29 0.0102641
29.39 0.00919333
29.49 0.00822424
29.59 0.00734723
29.69 0.00655359
29.79 0.00583542
29.89 0.00518558
29.99 0.0045976
